<?xml version="1.0" encoding="UTF-8"?>
<!-- Generated by org.testng.reporters.JUnitReportReporter -->
<testsuite hostname="LAPTOP-HHCMMKH1" failures="0" tests="2" name="testngflag.Flag4" time="0.007" errors="0" timestamp="2022-11-12T21:50:03 IST" skipped="1">
  <testcase classname="testngflag.Flag4" name="createuser" time="0.007"/>
  <system-out>
    <![CDATA[ create user ..]]>
  </system-out>
  <testcase classname="testngflag.Flag4" name="lginMethod">
    <skipped/>
  </testcase> <!-- lginMethod -->
  <system-out/>
</testsuite> <!-- testngflag.Flag4 -->
