<?xml version="1.0" encoding="UTF-8"?>
<!-- Generated by org.testng.reporters.JUnitReportReporter -->
<testsuite hostname="LAPTOP-HHCMMKH1" failures="0" tests="3" name="testngflag.Flag6" time="0.008" errors="0" timestamp="2022-11-12T22:18:00 IST" skipped="0">
  <testcase classname="testngflag.Flag6" name="loginmethod" time="0.006"/>
  <system-out>
    <![CDATA[login user..]]>
  </system-out>
  <testcase classname="testngflag.Flag6" name="createuser" time="0.001"/>
  <system-out>
    <![CDATA[create user..]]>
  </system-out>
  <testcase classname="testngflag.Flag6" name="logout" time="0.001"/>
  <system-out>
    <![CDATA[log out user..]]>
  </system-out>
</testsuite> <!-- testngflag.Flag6 -->
