<?xml version="1.0" encoding="UTF-8"?>
<!-- Generated by org.testng.reporters.JUnitReportReporter -->
<testsuite hostname="LAPTOP-HHCMMKH1" failures="0" tests="1" name="testngpack.Checkreports2" time="0.009" errors="0" timestamp="2022-11-12T18:52:29 IST" skipped="0">
  <testcase classname="testngpack.Checkreports2" name="checkreports" time="0.009"/>
  <system-out>
    <![CDATA[Satish]]>
  </system-out>
</testsuite> <!-- testngpack.Checkreports2 -->
