<?xml version="1.0" encoding="UTF-8"?>
<!-- Generated by org.testng.reporters.JUnitReportReporter -->
<testsuite hostname="LAPTOP-HHCMMKH1" failures="0" tests="2" name="testngpack.FirstClass" time="0.009" errors="0" timestamp="2022-11-12T19:14:24 IST" skipped="0">
  <testcase classname="testngpack.FirstClass" name="remo" time="0.001"/>
  <system-out/>
  <testcase classname="testngpack.FirstClass" name="demo" time="0.008"/>
  <system-out/>
</testsuite> <!-- testngpack.FirstClass -->
