<?xml version="1.0" encoding="UTF-8"?>
<!-- Generated by org.testng.reporters.JUnitReportReporter -->
<testsuite hostname="LAPTOP-HHCMMKH1" failures="0" tests="9" name="testngflag.Flag2" time="0.016" errors="0" timestamp="2022-11-12T20:43:16 IST" skipped="0">
  <testcase classname="testngflag.Flag2" name="q" time="0.001"/>
  <system-out>
    <![CDATA[q method]]>
  </system-out>
  <testcase classname="testngflag.Flag2" name="d" time="0.001"/>
  <system-out>
    <![CDATA[d  method]]>
  </system-out>
  <testcase classname="testngflag.Flag2" name="b" time="0.001"/>
  <system-out>
    <![CDATA[ b method]]>
  </system-out>
  <testcase classname="testngflag.Flag2" name="u" time="0.001"/>
  <system-out>
    <![CDATA[j method]]>
  </system-out>
  <testcase classname="testngflag.Flag2" name="z" time="0.001"/>
  <system-out>
    <![CDATA[z method]]>
  </system-out>
  <testcase classname="testngflag.Flag2" name="a" time="0.009"/>
  <system-out>
    <![CDATA[a method]]>
  </system-out>
  <testcase classname="testngflag.Flag2" name="j" time="0.001"/>
  <system-out>
    <![CDATA[j method]]>
  </system-out>
  <testcase classname="testngflag.Flag2" name="c" time="0.001"/>
  <system-out>
    <![CDATA[c method]]>
  </system-out>
  <testcase classname="testngflag.Flag2" name="w" time="0.000"/>
  <system-out>
    <![CDATA[ w method]]>
  </system-out>
</testsuite> <!-- testngflag.Flag2 -->
