<?xml version="1.0" encoding="UTF-8"?>
<!-- Generated by org.testng.reporters.JUnitReportReporter -->
<testsuite hostname="LAPTOP-HHCMMKH1" failures="0" tests="3" name="testngflag.flag3" time="0.014" errors="0" timestamp="2022-11-12T21:35:03 IST" skipped="0">
  <testcase classname="testngflag.flag3" name="loginMethod" time="0.011"/>
  <system-out>
    <![CDATA[login users..]]>
  </system-out>
  <testcase classname="testngflag.flag3" name="createuser" time="0.002"/>
  <system-out>
    <![CDATA[create user..]]>
  </system-out>
  <testcase classname="testngflag.flag3" name="logoutMethod" time="0.001"/>
  <system-out>
    <![CDATA[log out user ..]]>
  </system-out>
</testsuite> <!-- testngflag.flag3 -->
