<?xml version="1.0" encoding="UTF-8"?>
<!-- Generated by org.testng.reporters.JUnitReportReporter -->
<testsuite hostname="LAPTOP-HHCMMKH1" failures="0" tests="2" name="testngflag.Flag1" time="0.009" errors="0" timestamp="2022-11-12T21:29:02 IST" skipped="0">
  <testcase classname="testngflag.Flag1" name="Flag2" time="0.008"/>
  <system-out>
    <![CDATA[Log out.....,true]]>
  </system-out>
  <testcase classname="testngflag.Flag1" name="loginToActitime" time="0.001"/>
  <system-out>
    <![CDATA[Login in.....,true]]>
  </system-out>
</testsuite> <!-- testngflag.Flag1 -->
