<?xml version="1.0" encoding="UTF-8"?>
<!-- Generated by org.testng.reporters.JUnitReportReporter -->
<testsuite hostname="LAPTOP-HHCMMKH1" failures="0" tests="3" name="testngflag.Flag7" time="0.015" errors="0" timestamp="2022-11-14T21:22:55 IST" skipped="0">
  <testcase classname="testngflag.Flag7" name="loginmethod" time="0.010"/>
  <system-out>
    <![CDATA[login user..]]>
  </system-out>
  <testcase classname="testngflag.Flag7" name="createuser" time="0.003"/>
  <system-out>
    <![CDATA[create user..]]>
  </system-out>
  <testcase classname="testngflag.Flag7" name="logout" time="0.002"/>
  <system-out>
    <![CDATA[log out user..]]>
  </system-out>
</testsuite> <!-- testngflag.Flag7 -->
