<?xml version="1.0" encoding="UTF-8"?>
<!-- Generated by org.testng.reporters.JUnitReportReporter -->
<testsuite hostname="LAPTOP-HHCMMKH1" failures="0" tests="1" name="testngpack.CheckReports" time="0.008" errors="0" timestamp="2022-11-12T18:43:11 IST" skipped="0">
  <testcase classname="testngpack.CheckReports" name="checkreports" time="0.008"/>
  <system-out/>
</testsuite> <!-- testngpack.CheckReports -->
